<?xml version="1.0" encoding="UTF-8"?>
<testsuite name="com.cotizador.danos.location.application.GetQuoteLocationSummaryUseCaseTest" tests="3" skipped="0" failures="0" errors="0" timestamp="2026-04-22T00:40:46.048Z" hostname="MacBook-Pro-de-German.local" time="0.015">
  <properties/>
  <testcase name="shouldBuildSummaryUsingStoredCalculationResult()" classname="com.cotizador.danos.location.application.GetQuoteLocationSummaryUseCaseTest" time="0.005"/>
  <testcase name="shouldThrowWhenQuoteDoesNotExist()" classname="com.cotizador.danos.location.application.GetQuoteLocationSummaryUseCaseTest" time="0.005"/>
  <testcase name="shouldFallbackToEmptyCalculationResultWhenNoneExists()" classname="com.cotizador.danos.location.application.GetQuoteLocationSummaryUseCaseTest" time="0.004"/>
  <system-out><![CDATA[]]></system-out>
  <system-err><![CDATA[]]></system-err>
</testsuite>
