<?xml version="1.0" encoding="UTF-8"?>
<testsuite name="com.cotizador.danos.quote.application.CreateQuoteUseCaseTest" tests="2" skipped="0" failures="0" errors="0" timestamp="2026-04-21T16:25:06.291Z" hostname="MacBook-Pro-de-German.local" time="0.076">
  <properties/>
  <testcase name="shouldRegenerateFolioWhenGeneratedValueAlreadyExists()" classname="com.cotizador.danos.quote.application.CreateQuoteUseCaseTest" time="0.071"/>
  <testcase name="shouldCreateAndPersistDraftQuoteWithUniqueFolio()" classname="com.cotizador.danos.quote.application.CreateQuoteUseCaseTest" time="0.004"/>
  <system-out><![CDATA[]]></system-out>
  <system-err><![CDATA[]]></system-err>
</testsuite>
