<?xml version="1.0" encoding="UTF-8"?>
<testsuite name="com.cotizador.danos.location.api.LocationControllerValidationTest" tests="1" skipped="0" failures="0" errors="0" timestamp="2026-04-21T18:49:35.044Z" hostname="MacBook-Pro-de-German.local" time="0.204">
  <properties/>
  <testcase name="shouldReturnBadRequestWhenLocationNameIsBlank()" classname="com.cotizador.danos.location.api.LocationControllerValidationTest" time="0.204"/>
  <system-out><![CDATA[2026-04-21T13:49:34.160-05:00  INFO 10101 --- [plataforma-danos-back] [    Test worker] c.d.l.a.LocationControllerValidationTest : Starting LocationControllerValidationTest using Java 21.0.2 with PID 10101 (started by germanrojas in /Users/germanrojas/Desktop/core_seguros/backend)
2026-04-21T13:49:34.161-05:00  INFO 10101 --- [plataforma-danos-back] [    Test worker] c.d.l.a.LocationControllerValidationTest : No active profile set, falling back to 1 default profile: "mariadb"
2026-04-21T13:49:35.005-05:00  INFO 10101 --- [plataforma-danos-back] [    Test worker] o.s.b.t.m.w.SpringBootMockServletContext : Initializing Spring TestDispatcherServlet ''
2026-04-21T13:49:35.006-05:00  INFO 10101 --- [plataforma-danos-back] [    Test worker] o.s.t.web.servlet.TestDispatcherServlet  : Initializing Servlet ''
2026-04-21T13:49:35.010-05:00  INFO 10101 --- [plataforma-danos-back] [    Test worker] o.s.t.web.servlet.TestDispatcherServlet  : Completed initialization in 0 ms
2026-04-21T13:49:35.030-05:00  INFO 10101 --- [plataforma-danos-back] [    Test worker] c.d.l.a.LocationControllerValidationTest : Started LocationControllerValidationTest in 0.926 seconds (process running for 22.045)
]]></system-out>
  <system-err><![CDATA[]]></system-err>
</testsuite>
