<?xml version="1.0" encoding="UTF-8"?>
<testsuite name="com.cotizador.danos.location.domain.QuoteLocationTest" tests="2" skipped="0" failures="0" errors="0" timestamp="2026-04-21T16:25:06.288Z" hostname="MacBook-Pro-de-German.local" time="0.001">
  <properties/>
  <testcase name="shouldMarkLocationAsCompleteWhenAllRequiredDataIsPresent()" classname="com.cotizador.danos.location.domain.QuoteLocationTest" time="0.0"/>
  <testcase name="shouldMarkLocationAsIncompleteAndGenerateAlertWhenRequiredDataIsMissing()" classname="com.cotizador.danos.location.domain.QuoteLocationTest" time="0.0"/>
  <system-out><![CDATA[]]></system-out>
  <system-err><![CDATA[]]></system-err>
</testsuite>
