<?xml version="1.0" encoding="UTF-8"?>
<testsuite name="com.cotizador.danos.location.domain.QuoteLocationEditTest" tests="3" skipped="0" failures="0" errors="0" timestamp="2026-04-22T00:40:46.106Z" hostname="MacBook-Pro-de-German.local" time="0.004">
  <properties/>
  <testcase name="shouldMarkLocationAsIncompleteWhenUpdatedWithBlankAddress()" classname="com.cotizador.danos.location.domain.QuoteLocationEditTest" time="0.001"/>
  <testcase name="shouldUpdateOnlyProvidedFieldsAndPreserveExistingAssociation()" classname="com.cotizador.danos.location.domain.QuoteLocationEditTest" time="0.002"/>
  <testcase name="shouldCompletePreviouslyIncompleteLocationWhenMissingDataIsProvided()" classname="com.cotizador.danos.location.domain.QuoteLocationEditTest" time="0.001"/>
  <system-out><![CDATA[]]></system-out>
  <system-err><![CDATA[]]></system-err>
</testsuite>
