<?xml version="1.0" encoding="UTF-8"?>
<testsuite name="com.cotizador.danos.quote.application.UpdateQuoteGeneralDataUseCaseTest" tests="2" skipped="0" failures="0" errors="0" timestamp="2026-04-21T18:49:35.597Z" hostname="MacBook-Pro-de-German.local" time="0.006">
  <properties/>
  <testcase name="shouldUpdateGeneralDataPartiallyAndPersistQuote()" classname="com.cotizador.danos.quote.application.UpdateQuoteGeneralDataUseCaseTest" time="0.002"/>
  <testcase name="shouldThrowControlledErrorWhenQuoteDoesNotExist()" classname="com.cotizador.danos.quote.application.UpdateQuoteGeneralDataUseCaseTest" time="0.003"/>
  <system-out><![CDATA[]]></system-out>
  <system-err><![CDATA[]]></system-err>
</testsuite>
