<?xml version="1.0" encoding="UTF-8"?>
<testsuite name="com.cotizador.danos.location.application.CreateQuoteLocationUseCaseTest" tests="3" skipped="0" failures="0" errors="0" timestamp="2026-04-21T16:25:06.223Z" hostname="MacBook-Pro-de-German.local" time="0.015">
  <properties/>
  <testcase name="shouldThrowControlledErrorWhenQuoteDoesNotExist()" classname="com.cotizador.danos.location.application.CreateQuoteLocationUseCaseTest" time="0.004"/>
  <testcase name="shouldCreateIncompleteLocationWithAlertWithoutBlockingFlow()" classname="com.cotizador.danos.location.application.CreateQuoteLocationUseCaseTest" time="0.006"/>
  <testcase name="shouldCreateCompleteLocationForExistingQuote()" classname="com.cotizador.danos.location.application.CreateQuoteLocationUseCaseTest" time="0.004"/>
  <system-out><![CDATA[]]></system-out>
  <system-err><![CDATA[]]></system-err>
</testsuite>
