<?xml version="1.0" encoding="UTF-8"?>
<testsuite name="com.cotizador.danos.catalog.application.CatalogQueryServicesTest" tests="5" skipped="0" failures="0" errors="0" timestamp="2026-04-21T19:48:35.185Z" hostname="MacBook-Pro-de-German.local" time="0.311">
  <properties/>
  <testcase name="shouldQueryCoverageRatesAndFactorsByProductAndCoverages()" classname="com.cotizador.danos.catalog.application.CatalogQueryServicesTest" time="0.271"/>
  <testcase name="shouldQueryConstructionFactorByConstructionType()" classname="com.cotizador.danos.catalog.application.CatalogQueryServicesTest" time="0.012"/>
  <testcase name="shouldQueryOccupancyFactorByOccupancyCode()" classname="com.cotizador.danos.catalog.application.CatalogQueryServicesTest" time="0.007"/>
  <testcase name="shouldQueryZoneFactorByPostalCode()" classname="com.cotizador.danos.catalog.application.CatalogQueryServicesTest" time="0.011"/>
  <testcase name="shouldQueryCalculationParametersByCodeAndList()" classname="com.cotizador.danos.catalog.application.CatalogQueryServicesTest" time="0.006"/>
  <system-out><![CDATA[]]></system-out>
  <system-err><![CDATA[]]></system-err>
</testsuite>
