<?xml version="1.0" encoding="UTF-8"?>
<testsuite name="com.cotizador.danos.quote.application.GetQuoteVersionHistoryUseCaseTest" tests="3" skipped="0" failures="0" errors="0" timestamp="2026-04-21T16:25:06.524Z" hostname="MacBook-Pro-de-German.local" time="0.01">
  <properties/>
  <testcase name="shouldThrowControlledErrorWhenQuoteDoesNotExist()" classname="com.cotizador.danos.quote.application.GetQuoteVersionHistoryUseCaseTest" time="0.002"/>
  <testcase name="shouldReturnVersionHistoryWithVersionDateAndStatus()" classname="com.cotizador.danos.quote.application.GetQuoteVersionHistoryUseCaseTest" time="0.004"/>
  <testcase name="shouldReturnSpecificVersionWhenRequested()" classname="com.cotizador.danos.quote.application.GetQuoteVersionHistoryUseCaseTest" time="0.002"/>
  <system-out><![CDATA[]]></system-out>
  <system-err><![CDATA[]]></system-err>
</testsuite>
