<?xml version="1.0" encoding="UTF-8"?>
<testsuite name="com.cotizador.danos.quote.domain.QuoteLocationLayoutTest" tests="1" skipped="0" failures="0" errors="0" timestamp="2026-04-22T00:40:46.700Z" hostname="MacBook-Pro-de-German.local" time="0.001">
  <properties/>
  <testcase name="shouldSaveLocationLayoutAssociatedToQuote()" classname="com.cotizador.danos.quote.domain.QuoteLocationLayoutTest" time="0.001"/>
  <system-out><![CDATA[]]></system-out>
  <system-err><![CDATA[]]></system-err>
</testsuite>
