<?xml version="1.0" encoding="UTF-8"?>
<testsuite name="com.cotizador.danos.calculation.application.GetQuoteLocationResultsUseCaseTest" tests="2" skipped="0" failures="0" errors="0" timestamp="2026-04-21T21:43:52.917Z" hostname="MacBook-Pro-de-German.local" time="0.08">
  <properties/>
  <testcase name="shouldReturnCalculatedAndNonCalculatedLocationsDifferentiated()" classname="com.cotizador.danos.calculation.application.GetQuoteLocationResultsUseCaseTest" time="0.075"/>
  <testcase name="shouldThrowControlledErrorWhenQuoteDoesNotExist()" classname="com.cotizador.danos.calculation.application.GetQuoteLocationResultsUseCaseTest" time="0.004"/>
  <system-out><![CDATA[]]></system-out>
  <system-err><![CDATA[]]></system-err>
</testsuite>
