<?xml version="1.0" encoding="UTF-8"?>
<testsuite name="com.cotizador.danos.quote.application.CreateQuoteWithIdempotencyUseCaseTest" tests="3" skipped="0" failures="0" errors="0" timestamp="2026-04-21T18:31:42.673Z" hostname="MacBook-Pro-de-German.local" time="0.148">
  <properties/>
  <testcase name="shouldCreateAndRegisterIdempotencyKeyWhenKeyIsNew()" classname="com.cotizador.danos.quote.application.CreateQuoteWithIdempotencyUseCaseTest" time="0.142"/>
  <testcase name="shouldReplayExistingQuoteWhenIdempotencyKeyAlreadyExists()" classname="com.cotizador.danos.quote.application.CreateQuoteWithIdempotencyUseCaseTest" time="0.002"/>
  <testcase name="shouldCreateQuoteWithoutIdempotencyWhenHeaderIsMissing()" classname="com.cotizador.danos.quote.application.CreateQuoteWithIdempotencyUseCaseTest" time="0.002"/>
  <system-out><![CDATA[]]></system-out>
  <system-err><![CDATA[]]></system-err>
</testsuite>
