<?xml version="1.0" encoding="UTF-8"?>
<testsuite name="com.cotizador.danos.coverage.application.ConfigureQuoteCoveragesUseCaseTest" tests="3" skipped="0" failures="0" errors="0" timestamp="2026-04-21T18:31:23.316Z" hostname="MacBook-Pro-de-German.local" time="0.02">
  <properties/>
  <testcase name="shouldSaveSelectedCoveragesAssociatedToQuote()" classname="com.cotizador.danos.coverage.application.ConfigureQuoteCoveragesUseCaseTest" time="0.008"/>
  <testcase name="shouldThrowControlledErrorWhenQuoteDoesNotExist()" classname="com.cotizador.danos.coverage.application.ConfigureQuoteCoveragesUseCaseTest" time="0.004"/>
  <testcase name="shouldUpdatePreviouslyConfiguredCoverages()" classname="com.cotizador.danos.coverage.application.ConfigureQuoteCoveragesUseCaseTest" time="0.005"/>
  <system-out><![CDATA[]]></system-out>
  <system-err><![CDATA[]]></system-err>
</testsuite>
