<?xml version="1.0" encoding="UTF-8"?>
<testsuite name="com.cotizador.danos.quote.domain.QuoteGeneralDataTest" tests="2" skipped="0" failures="0" errors="0" timestamp="2026-04-21T18:31:42.879Z" hostname="MacBook-Pro-de-German.local" time="0.004">
  <properties/>
  <testcase name="shouldUpdateOnlyProvidedFieldsAndPreserveNonSentFields()" classname="com.cotizador.danos.quote.domain.QuoteGeneralDataTest" time="0.002"/>
  <testcase name="shouldUpdateGeneralDataAndModificationDate()" classname="com.cotizador.danos.quote.domain.QuoteGeneralDataTest" time="0.001"/>
  <system-out><![CDATA[]]></system-out>
  <system-err><![CDATA[]]></system-err>
</testsuite>
