<?xml version="1.0" encoding="UTF-8"?>
<testsuite name="com.cotizador.danos.location.domain.InvalidQuoteLocationTest" tests="1" skipped="0" failures="0" errors="0" timestamp="2026-04-21T16:25:06.281Z" hostname="MacBook-Pro-de-German.local" time="0.001">
  <properties/>
  <testcase name="shouldCreateInvalidLocationWithExclusionReason()" classname="com.cotizador.danos.location.domain.InvalidQuoteLocationTest" time="0.001"/>
  <system-out><![CDATA[]]></system-out>
  <system-err><![CDATA[]]></system-err>
</testsuite>
