<?xml version="1.0" encoding="UTF-8"?>
<testsuite name="com.cotizador.danos.quote.application.CreateQuoteVersionUseCaseTest" tests="3" skipped="0" failures="0" errors="0" timestamp="2026-04-22T00:40:46.186Z" hostname="MacBook-Pro-de-German.local" time="0.013">
  <properties/>
  <testcase name="shouldGenerateAnotherFolioWhenFirstOneAlreadyExists()" classname="com.cotizador.danos.quote.application.CreateQuoteVersionUseCaseTest" time="0.005"/>
  <testcase name="shouldCreateAndPersistNewVersionLinkedToPreviousQuote()" classname="com.cotizador.danos.quote.application.CreateQuoteVersionUseCaseTest" time="0.004"/>
  <testcase name="shouldThrowControlledErrorWhenPreviousQuoteDoesNotExist()" classname="com.cotizador.danos.quote.application.CreateQuoteVersionUseCaseTest" time="0.002"/>
  <system-out><![CDATA[]]></system-out>
  <system-err><![CDATA[]]></system-err>
</testsuite>
