<?xml version="1.0" encoding="UTF-8"?>
<testsuite name="com.cotizador.danos.calculation.application.CalculateQuoteUseCaseTest" tests="6" skipped="0" failures="0" errors="0" timestamp="2026-04-21T18:49:17.589Z" hostname="MacBook-Pro-de-German.local" time="0.444">
  <properties/>
  <testcase name="shouldGeneratePreValidationAlertAndSkipCalculationWhenNoCoveragesConfigured()" classname="com.cotizador.danos.calculation.application.CalculateQuoteUseCaseTest" time="0.389"/>
  <testcase name="shouldExcludeInvalidLocationsAndRegisterExclusionReason()" classname="com.cotizador.danos.calculation.application.CalculateQuoteUseCaseTest" time="0.016"/>
  <testcase name="shouldCalculateOnlyValidLocationsAndUpdateQuoteStatus()" classname="com.cotizador.danos.calculation.application.CalculateQuoteUseCaseTest" time="0.008"/>
  <testcase name="shouldExcludeLocationWhenPostalCodeIsInvalid()" classname="com.cotizador.danos.calculation.application.CalculateQuoteUseCaseTest" time="0.006"/>
  <testcase name="shouldThrowControlledErrorWhenQuoteDoesNotExist()" classname="com.cotizador.danos.calculation.application.CalculateQuoteUseCaseTest" time="0.012"/>
  <testcase name="shouldExcludeLocationWhenGiroClaveIncendioIsMissing()" classname="com.cotizador.danos.calculation.application.CalculateQuoteUseCaseTest" time="0.006"/>
  <system-out><![CDATA[]]></system-out>
  <system-err><![CDATA[]]></system-err>
</testsuite>
