<?xml version="1.0" encoding="UTF-8"?>
<testsuite name="com.cotizador.danos.calculation.application.CalculateQuoteUseCaseTest" tests="6" skipped="0" failures="0" errors="0" timestamp="2026-04-21T19:48:34.521Z" hostname="MacBook-Pro-de-German.local" time="0.495">
  <properties/>
  <testcase name="shouldGeneratePreValidationAlertAndSkipCalculationWhenNoCoveragesConfigured()" classname="com.cotizador.danos.calculation.application.CalculateQuoteUseCaseTest" time="0.43"/>
  <testcase name="shouldExcludeInvalidLocationsAndRegisterExclusionReason()" classname="com.cotizador.danos.calculation.application.CalculateQuoteUseCaseTest" time="0.017"/>
  <testcase name="shouldCalculateOnlyValidLocationsAndUpdateQuoteStatus()" classname="com.cotizador.danos.calculation.application.CalculateQuoteUseCaseTest" time="0.014"/>
  <testcase name="shouldExcludeLocationWhenPostalCodeIsInvalid()" classname="com.cotizador.danos.calculation.application.CalculateQuoteUseCaseTest" time="0.008"/>
  <testcase name="shouldThrowControlledErrorWhenQuoteDoesNotExist()" classname="com.cotizador.danos.calculation.application.CalculateQuoteUseCaseTest" time="0.015"/>
  <testcase name="shouldExcludeLocationWhenGiroClaveIncendioIsMissing()" classname="com.cotizador.danos.calculation.application.CalculateQuoteUseCaseTest" time="0.006"/>
  <system-out><![CDATA[]]></system-out>
  <system-err><![CDATA[]]></system-err>
</testsuite>
