<?xml version="1.0" encoding="UTF-8"?>
<testsuite name="com.cotizador.danos.quote.application.GetQuoteFinalStatusUseCaseTest" tests="2" skipped="0" failures="0" errors="0" timestamp="2026-04-21T19:48:54.636Z" hostname="MacBook-Pro-de-German.local" time="0.005">
  <properties/>
  <testcase name="shouldReturnCurrentStatusPremiumSummaryAndRelevantAlerts()" classname="com.cotizador.danos.quote.application.GetQuoteFinalStatusUseCaseTest" time="0.002"/>
  <testcase name="shouldThrowControlledErrorWhenQuoteDoesNotExist()" classname="com.cotizador.danos.quote.application.GetQuoteFinalStatusUseCaseTest" time="0.002"/>
  <system-out><![CDATA[]]></system-out>
  <system-err><![CDATA[]]></system-err>
</testsuite>
