<?xml version="1.0" encoding="UTF-8"?>
<testsuite name="com.cotizador.danos.calculation.domain.CalculationTraceDetailTest" tests="1" skipped="0" failures="0" errors="0" timestamp="2026-04-21T18:49:18.097Z" hostname="MacBook-Pro-de-German.local" time="0.053">
  <properties/>
  <testcase name="shouldCreateTraceDetailAssociatedToQuoteAndLocation()" classname="com.cotizador.danos.calculation.domain.CalculationTraceDetailTest" time="0.053"/>
  <system-out><![CDATA[]]></system-out>
  <system-err><![CDATA[]]></system-err>
</testsuite>
