<?xml version="1.0" encoding="UTF-8"?>
<testsuite name="com.cotizador.danos.location.domain.QuoteLocationTest" tests="3" skipped="0" failures="0" errors="0" timestamp="2026-04-22T00:40:46.117Z" hostname="MacBook-Pro-de-German.local" time="0.003">
  <properties/>
  <testcase name="shouldMarkLocationAsCompleteWhenAllRequiredDataIsPresent()" classname="com.cotizador.danos.location.domain.QuoteLocationTest" time="0.0"/>
  <testcase name="shouldUpdateLocationAndKeepCurrentIfMissing()" classname="com.cotizador.danos.location.domain.QuoteLocationTest" time="0.001"/>
  <testcase name="shouldMarkLocationAsIncompleteAndGenerateAlertWhenRequiredDataIsMissing()" classname="com.cotizador.danos.location.domain.QuoteLocationTest" time="0.001"/>
  <system-out><![CDATA[]]></system-out>
  <system-err><![CDATA[]]></system-err>
</testsuite>
