<?xml version="1.0" encoding="UTF-8"?>
<testsuite name="com.cotizador.danos.coverage.application.ListActiveCoveragesUseCaseTest" tests="2" skipped="0" failures="0" errors="0" timestamp="2026-04-22T00:40:43.393Z" hostname="MacBook-Pro-de-German.local" time="0.07">
  <properties/>
  <testcase name="shouldReturnActiveCoveragesWithCodeAndName()" classname="com.cotizador.danos.coverage.application.ListActiveCoveragesUseCaseTest" time="0.067"/>
  <testcase name="shouldReturnEmptyListWhenThereAreNoActiveCoverages()" classname="com.cotizador.danos.coverage.application.ListActiveCoveragesUseCaseTest" time="0.002"/>
  <system-out><![CDATA[]]></system-out>
  <system-err><![CDATA[]]></system-err>
</testsuite>
