<?xml version="1.0" encoding="UTF-8"?>
<testsuite name="com.cotizador.danos.calculation.application.GetQuoteLocationResultsUseCaseTest" tests="2" skipped="0" failures="0" errors="0" timestamp="2026-04-21T18:31:23.174Z" hostname="MacBook-Pro-de-German.local" time="0.067">
  <properties/>
  <testcase name="shouldReturnCalculatedAndNonCalculatedLocationsDifferentiated()" classname="com.cotizador.danos.calculation.application.GetQuoteLocationResultsUseCaseTest" time="0.061"/>
  <testcase name="shouldThrowControlledErrorWhenQuoteDoesNotExist()" classname="com.cotizador.danos.calculation.application.GetQuoteLocationResultsUseCaseTest" time="0.004"/>
  <system-out><![CDATA[]]></system-out>
  <system-err><![CDATA[]]></system-err>
</testsuite>
