<?xml version="1.0" encoding="UTF-8"?>
<testsuite name="com.cotizador.danos.location.application.ListQuoteLocationsUseCaseTest" tests="2" skipped="0" failures="0" errors="0" timestamp="2026-04-21T18:49:35.274Z" hostname="MacBook-Pro-de-German.local" time="0.009">
  <properties/>
  <testcase name="shouldReturnAllLocationsForQuoteWithValidationStatusAndAlerts()" classname="com.cotizador.danos.location.application.ListQuoteLocationsUseCaseTest" time="0.005"/>
  <testcase name="shouldThrowControlledErrorWhenQuoteDoesNotExist()" classname="com.cotizador.danos.location.application.ListQuoteLocationsUseCaseTest" time="0.003"/>
  <system-out><![CDATA[]]></system-out>
  <system-err><![CDATA[]]></system-err>
</testsuite>
