<?xml version="1.0" encoding="UTF-8"?>
<testsuite name="com.cotizador.danos.calculation.domain.QuoteCalculationResultTest" tests="2" skipped="0" failures="0" errors="0" timestamp="2026-04-21T18:31:23.305Z" hostname="MacBook-Pro-de-German.local" time="0.003">
  <properties/>
  <testcase name="shouldConsolidateNetAndCommercialPremiumFromValidLocations()" classname="com.cotizador.danos.calculation.domain.QuoteCalculationResultTest" time="0.001"/>
  <testcase name="shouldKeepAlertsForIncompleteLocationsAndReturnPartialResult()" classname="com.cotizador.danos.calculation.domain.QuoteCalculationResultTest" time="0.001"/>
  <system-out><![CDATA[]]></system-out>
  <system-err><![CDATA[]]></system-err>
</testsuite>
