<?xml version="1.0" encoding="UTF-8"?>
<testsuite name="com.cotizador.danos.quote.application.GetQuoteVersionHistoryUseCaseTest" tests="3" skipped="0" failures="0" errors="0" timestamp="2026-04-22T00:40:46.424Z" hostname="MacBook-Pro-de-German.local" time="0.027">
  <properties/>
  <testcase name="shouldThrowControlledErrorWhenQuoteDoesNotExist()" classname="com.cotizador.danos.quote.application.GetQuoteVersionHistoryUseCaseTest" time="0.007"/>
  <testcase name="shouldReturnVersionHistoryWithVersionDateAndStatus()" classname="com.cotizador.danos.quote.application.GetQuoteVersionHistoryUseCaseTest" time="0.011"/>
  <testcase name="shouldReturnSpecificVersionWhenRequested()" classname="com.cotizador.danos.quote.application.GetQuoteVersionHistoryUseCaseTest" time="0.006"/>
  <system-out><![CDATA[]]></system-out>
  <system-err><![CDATA[]]></system-err>
</testsuite>
