<?xml version="1.0" encoding="UTF-8"?>
<testsuite name="com.cotizador.danos.quote.domain.QuoteVersionHistoryItemTest" tests="1" skipped="0" failures="0" errors="0" timestamp="2026-04-21T19:48:54.688Z" hostname="MacBook-Pro-de-German.local" time="0.0">
  <properties/>
  <testcase name="shouldCreateVersionHistoryItemWithVersionDateAndStatus()" classname="com.cotizador.danos.quote.domain.QuoteVersionHistoryItemTest" time="0.0"/>
  <system-out><![CDATA[]]></system-out>
  <system-err><![CDATA[]]></system-err>
</testsuite>
